<?xml version="1.0" encoding="UTF-8"?>
<!-- Generated by org.testng.reporters.JUnitXMLReporter -->
<testsuite ignored="1" hostname="DESKTOP-UG5U3KA" failures="0" tests="8" name="Car Loan" time="0.106" errors="0" timestamp="2022-07-10T12:27:39 IST">
  <testcase classname="Test.Day3" name="MobileLoginCarLoan" time="0.001"/>
  <testcase classname="Test.Day3" name="MobileLoginCarLoan1" time="0.007"/>
  <testcase classname="Test.Day3" name="MobileLoginCarLoan2" time="0.013"/>
  <testcase classname="Test.Day3" name="MobileLoginCarLoan4" time="0.005"/>
  <testcase classname="Test.Day3" name="MobileLoginCarLoan4" time="0.003"/>
  <testcase classname="Test.Day3" name="MobileLoginCarLoan4" time="0.002"/>
  <testcase classname="Test.Day3" name="WebloginCarloan" time="0.002"/>
  <testcase classname="Test.Day3" name="LoginAPICarLoan" time="0.002"/>
  <testcase classname="Test.Day3" name="MobileLoginCarLoan3" time="0.0">
    <ignored/>
  </testcase> <!-- MobileLoginCarLoan3 -->
</testsuite> <!-- Car Loan -->
