<?xml version="1.0" encoding="UTF-8"?>
<!-- Generated by org.testng.reporters.JUnitXMLReporter -->
<testsuite ignored="0" hostname="DESKTOP-UG5U3KA" failures="0" tests="4" name="Personal Loan" time="0.087" errors="0" timestamp="2022-07-10T12:27:39 IST">
  <testcase classname="Test.Day1" name="SecondTest" time="0.012"/>
  <testcase classname="Test.Day1" name="demo" time="0.002"/>
  <testcase classname="Test.Day2" name="ploan" time="0.002"/>
  <testcase classname="Test.Day2" name="ploan1" time="0.002"/>
</testsuite> <!-- Personal Loan -->
