<?xml version="1.0" encoding="UTF-8"?>
<!-- Generated by org.testng.reporters.JUnitXMLReporter -->
<testsuite ignored="10" hostname="DESKTOP-UG5U3KA" failures="0" tests="2" name="Regression" time="0.188" errors="0" timestamp="2022-07-10T01:01:59 IST">
  <testcase classname="Test.Day2" name="ploan1" time="0.042"/>
  <testcase classname="Test.Day3" name="MobileLoginCarLoan" time="0.002"/>
  <testcase classname="Test.Day4" name="WebloginHomeloan" time="0.0">
    <ignored/>
  </testcase> <!-- WebloginHomeloan -->
  <testcase classname="Test.Day1" name="SecondTest" time="0.0">
    <ignored/>
  </testcase> <!-- SecondTest -->
  <testcase classname="Test.Day4" name="MobileLoginHomeLoan" time="0.0">
    <ignored/>
  </testcase> <!-- MobileLoginHomeLoan -->
  <testcase classname="Test.Day4" name="LoginAPIHomeLoan" time="0.0">
    <ignored/>
  </testcase> <!-- LoginAPIHomeLoan -->
  <testcase classname="Test.Day3" name="LoginAPICarLoan" time="0.0">
    <ignored/>
  </testcase> <!-- LoginAPICarLoan -->
  <testcase classname="Test.Day3" name="WebloginCarloan" time="0.0">
    <ignored/>
  </testcase> <!-- WebloginCarloan -->
  <testcase classname="Test.Day3" name="MobileLoginCarLoan2" time="0.0">
    <ignored/>
  </testcase> <!-- MobileLoginCarLoan2 -->
  <testcase classname="Test.Day1" name="demo" time="0.0">
    <ignored/>
  </testcase> <!-- demo -->
  <testcase classname="Test.Day2" name="ploan" time="0.0">
    <ignored/>
  </testcase> <!-- ploan -->
  <testcase classname="Test.Day3" name="MobileLoginCarLoan1" time="0.0">
    <ignored/>
  </testcase> <!-- MobileLoginCarLoan1 -->
</testsuite> <!-- Regression -->
