<?xml version="1.0" encoding="UTF-8"?>
<!-- Generated by org.testng.reporters.JUnitXMLReporter -->
<testsuite ignored="0" hostname="DESKTOP-UG5U3KA" failures="0" tests="4" name="Test" time="0.1" errors="0" timestamp="2022-07-11T23:34:50 IST">
  <testcase classname="qaclickacademy.SeleniumTest" name="BrowserAutomation" time="0.017"/>
  <testcase classname="qaclickacademy.SeleniumTest" name="elementsUI" time="0.002"/>
  <testcase classname="qaclickacademy.RESTAPITest" name="deleteTwitter" time="0.003"/>
  <testcase classname="qaclickacademy.RESTAPITest" name="postJira" time="0.002"/>
</testsuite> <!-- Test -->
