<?xml version="1.0" encoding="UTF-8"?>
<testng-results ignored="0" total="1" passed="1" failed="0" skipped="0">
  <reporter-output>
  </reporter-output>
  <suite started-at="2022-07-07T22:08:27 IST" name="Default suite" finished-at="2022-07-07T22:08:27 IST" duration-ms="119">
    <groups>
    </groups>
    <test started-at="2022-07-07T22:08:27 IST" name="Default test" finished-at="2022-07-07T22:08:27 IST" duration-ms="119">
      <class name="Test1">
        <test-method signature="regular()[pri:0, instance:Test1@738dc9b]" started-at="2022-07-07T22:08:27 IST" name="regular" finished-at="2022-07-07T22:08:27 IST" duration-ms="18" status="PASS">
          <reporter-output>
          </reporter-output>
        </test-method> <!-- regular -->
      </class> <!-- Test1 -->
    </test> <!-- Default test -->
  </suite> <!-- Default suite -->
</testng-results>
