<?xml version="1.0" encoding="UTF-8"?>
<testng-results ignored="0" total="4" passed="4" failed="0" skipped="0">
  <reporter-output>
  </reporter-output>
  <suite started-at="2022-07-11T23:34:49 IST" name="Suite" finished-at="2022-07-11T23:34:50 IST" duration-ms="100">
    <groups>
    </groups>
    <test started-at="2022-07-11T23:34:49 IST" name="Test" finished-at="2022-07-11T23:34:50 IST" duration-ms="100">
      <class name="qaclickacademy.RESTAPITest">
        <test-method signature="deleteTwitter()[pri:0, instance:qaclickacademy.RESTAPITest@209da20d]" started-at="2022-07-11T23:34:50 IST" name="deleteTwitter" finished-at="2022-07-11T23:34:50 IST" duration-ms="3" status="PASS">
          <reporter-output>
          </reporter-output>
        </test-method> <!-- deleteTwitter -->
        <test-method signature="postJira()[pri:0, instance:qaclickacademy.RESTAPITest@209da20d]" started-at="2022-07-11T23:34:50 IST" name="postJira" finished-at="2022-07-11T23:34:50 IST" duration-ms="2" status="PASS">
          <reporter-output>
          </reporter-output>
        </test-method> <!-- postJira -->
      </class> <!-- qaclickacademy.RESTAPITest -->
      <class name="qaclickacademy.SeleniumTest">
        <test-method signature="BrowserAutomation()[pri:0, instance:qaclickacademy.SeleniumTest@22ef9844]" started-at="2022-07-11T23:34:49 IST" name="BrowserAutomation" finished-at="2022-07-11T23:34:50 IST" duration-ms="17" status="PASS">
          <reporter-output>
          </reporter-output>
        </test-method> <!-- BrowserAutomation -->
        <test-method signature="elementsUI()[pri:0, instance:qaclickacademy.SeleniumTest@22ef9844]" started-at="2022-07-11T23:34:50 IST" name="elementsUI" finished-at="2022-07-11T23:34:50 IST" duration-ms="2" status="PASS">
          <reporter-output>
          </reporter-output>
        </test-method> <!-- elementsUI -->
      </class> <!-- qaclickacademy.SeleniumTest -->
    </test> <!-- Test -->
  </suite> <!-- Suite -->
</testng-results>
